2025-07-20 20:26:51 - notification_service - INFO -    Frequency: daily
2025-07-20 20:26:51 - notification_service - INFO -    Days: Monday,Sunday
2025-07-20 20:26:51 - notification_service - INFO -    Times: Any time
2025-07-20 20:26:51 - notification_service - INFO -    Enabled: True
2025-07-20 20:27:56 - notification_service - INFO - Cron check started - checking notification schedule
2025-07-20 20:27:56 - notification_service - INFO - Checking settings for: adarzeph@gmail.com
2025-07-20 20:27:56 - notification_service - INFO -    Frequency: daily
2025-07-20 20:27:56 - notification_service - INFO -    Days: Monday,Sunday
2025-07-20 20:27:56 - notification_service - INFO -    Times: Any time
2025-07-20 20:27:56 - notification_service - INFO -    Enabled: True
2025-07-20 20:27:56 - notification_service - INFO - Frequency check failed: 0:24:49.118062 < 1 day, 0:00:00 (daily)
2025-07-20 20:27:56 - notification_service - INFO - Cron check completed
2025-07-20 20:28:11 - notification_service - INFO - Cron check started - checking notification schedule
2025-07-20 20:28:11 - notification_service - INFO - Checking settings for: adarzeph@gmail.com
2025-07-20 20:28:11 - notification_service - INFO -    Frequency: daily
2025-07-20 20:28:11 - notification_service - INFO -    Days: Monday,Sunday
2025-07-20 20:28:11 - notification_service - INFO -    Times: Any time
2025-07-20 20:28:11 - notification_service - INFO -    Enabled: True
2025-07-20 20:28:11 - notification_service - INFO - Frequency check failed: 0:25:04.562388 < 1 day, 0:00:00 (daily)
2025-07-20 20:28:11 - notification_service - INFO - Cron check completed
